<?xml version="1.0" encoding="UTF-8"?>
<!-- Generated by org.testng.reporters.JUnitReportReporter -->
<testsuite hostname="Aurnob" failures="0" tests="1" name="bd.com.akhtar.testcases.FirstScenario" time="25.865" errors="0" timestamp="2024-06-02T00:37:19 BDT" skipped="0">
  <testcase classname="bd.com.akhtar.testcases.FirstScenario" name="testAddProductsToCart" time="25.865"/>
  <system-out/>
</testsuite> <!-- bd.com.akhtar.testcases.FirstScenario -->
