<?xml version="1.0" encoding="UTF-8"?>
<!-- Generated by org.testng.reporters.JUnitReportReporter -->
<testsuite hostname="Aurnob" failures="0" tests="1" name="bd.com.akhtar.testcases.FirstScenario" time="27.232" errors="0" timestamp="2024-06-01T19:47:55 BDT" skipped="0">
  <testcase classname="bd.com.akhtar.testcases.FirstScenario" name="testAddProductsToCart" time="27.232"/>
  <system-out/>
</testsuite> <!-- bd.com.akhtar.testcases.FirstScenario -->
